<?xml version="1.0" encoding="UTF-8"?>
<!-- Generated by org.testng.reporters.JUnitXMLReporter -->
<testsuite ignored="0" hostname="THANHKHANH" failures="0" tests="3" name="ChromeTests1" time="71.322" errors="0" timestamp="2020-06-18T19:33:07 PDT">
  <testcase classname="com.project.testcases.BusTicketBookingTestCaseGrid_1" name="RedBus" time="8.548"/>
  <testcase classname="com.project.testcases.BusTicketBookingTestCaseGrid_1" name="SearchBus" time="24.23"/>
  <testcase classname="com.project.testcases.BusTicketBookingTestCaseGrid_1" name="SearchBus" time="27.812"/>
</testsuite> <!-- ChromeTests1 -->
