<?xml version="1.0" encoding="UTF-8"?>
<!-- Generated by org.testng.reporters.JUnitXMLReporter -->
<testsuite ignored="0" hostname="THANHKHANH" failures="0" tests="3" name="FirefoxTests1" time="88.856" errors="0" timestamp="2020-06-18T19:33:25 PDT">
  <testcase classname="com.project.testcases.BusTicketBookingTestCaseGrid_2" name="RedBus" time="13.054"/>
  <testcase classname="com.project.testcases.BusTicketBookingTestCaseGrid_2" name="SearchBus" time="24.691"/>
  <testcase classname="com.project.testcases.BusTicketBookingTestCaseGrid_2" name="SearchBus" time="28.127"/>
</testsuite> <!-- FirefoxTests1 -->
